[1.420s] Invoking command in '/uolstore/home/users/fy21ftsa/ros2_ws/src/lab2': PS1=[COMP3631] Singularity> \w $ PYTHONPATH=/uolstore/home/users/fy21ftsa/ros2_ws/src/build/lab2/prefix_override:/uolstore/home/users/fy21ftsa/ros2_ws/src/install/lab2/lib/python3.10/site-packages:${PYTHONPATH} /usr/bin/python3 setup.py egg_info --egg-base ../build/lab2 build --build-base /uolstore/home/users/fy21ftsa/ros2_ws/src/build/lab2/build install --record /uolstore/home/users/fy21ftsa/ros2_ws/src/build/lab2/install.log --single-version-externally-managed
[1.630s] running egg_info
[1.633s] writing ../build/lab2/lab2.egg-info/PKG-INFO
[1.657s] writing dependency_links to ../build/lab2/lab2.egg-info/dependency_links.txt
[1.678s] writing entry points to ../build/lab2/lab2.egg-info/entry_points.txt
[1.688s] writing requirements to ../build/lab2/lab2.egg-info/requires.txt
[1.693s] writing top-level names to ../build/lab2/lab2.egg-info/top_level.txt
[1.706s] reading manifest file '../build/lab2/lab2.egg-info/SOURCES.txt'
[1.710s] writing manifest file '../build/lab2/lab2.egg-info/SOURCES.txt'
[1.712s] running build
[1.712s] running build_py
[1.718s] running install
[1.718s] running install_lib
[1.725s] running install_data
[1.730s] running install_egg_info
[1.731s] removing '/uolstore/home/users/fy21ftsa/ros2_ws/src/install/lab2/lib/python3.10/site-packages/lab2-0.0.0-py3.10.egg-info' (and everything under it)
[1.742s] Copying ../build/lab2/lab2.egg-info to /uolstore/home/users/fy21ftsa/ros2_ws/src/install/lab2/lib/python3.10/site-packages/lab2-0.0.0-py3.10.egg-info
[1.794s] running install_scripts
[1.814s] Installing listener script to /uolstore/home/users/fy21ftsa/ros2_ws/src/install/lab2/lib/lab2
[1.818s] Installing numeric_listener script to /uolstore/home/users/fy21ftsa/ros2_ws/src/install/lab2/lib/lab2
[1.821s] Installing numeric_talker script to /uolstore/home/users/fy21ftsa/ros2_ws/src/install/lab2/lib/lab2
[1.824s] Installing talker script to /uolstore/home/users/fy21ftsa/ros2_ws/src/install/lab2/lib/lab2
[1.828s] writing list of installed files to '/uolstore/home/users/fy21ftsa/ros2_ws/src/build/lab2/install.log'
[2.004s] Invoked command in '/uolstore/home/users/fy21ftsa/ros2_ws/src/lab2' returned '0': PS1=[COMP3631] Singularity> \w $ PYTHONPATH=/uolstore/home/users/fy21ftsa/ros2_ws/src/build/lab2/prefix_override:/uolstore/home/users/fy21ftsa/ros2_ws/src/install/lab2/lib/python3.10/site-packages:${PYTHONPATH} /usr/bin/python3 setup.py egg_info --egg-base ../build/lab2 build --build-base /uolstore/home/users/fy21ftsa/ros2_ws/src/build/lab2/build install --record /uolstore/home/users/fy21ftsa/ros2_ws/src/build/lab2/install.log --single-version-externally-managed
