running egg_info
creating ../build/lab3/lab3.egg-info
writing ../build/lab3/lab3.egg-info/PKG-INFO
writing dependency_links to ../build/lab3/lab3.egg-info/dependency_links.txt
writing entry points to ../build/lab3/lab3.egg-info/entry_points.txt
writing requirements to ../build/lab3/lab3.egg-info/requires.txt
writing top-level names to ../build/lab3/lab3.egg-info/top_level.txt
writing manifest file '../build/lab3/lab3.egg-info/SOURCES.txt'
reading manifest file '../build/lab3/lab3.egg-info/SOURCES.txt'
writing manifest file '../build/lab3/lab3.egg-info/SOURCES.txt'
running build
running build_py
creating /uolstore/home/student_lnxhome01/fy21ftsa/ros2_ws/src/build/lab3/build
creating /uolstore/home/student_lnxhome01/fy21ftsa/ros2_ws/src/build/lab3/build/lib
creating /uolstore/home/student_lnxhome01/fy21ftsa/ros2_ws/src/build/lab3/build/lib/lab3
copying lab3/__init__.py -> /uolstore/home/student_lnxhome01/fy21ftsa/ros2_ws/src/build/lab3/build/lib/lab3
copying lab3/firstwalk.py -> /uolstore/home/student_lnxhome01/fy21ftsa/ros2_ws/src/build/lab3/build/lib/lab3
running install
running install_lib
creating /uolstore/home/student_lnxhome01/fy21ftsa/ros2_ws/src/install/lab3/lib/python3.10/site-packages/lab3
copying /uolstore/home/student_lnxhome01/fy21ftsa/ros2_ws/src/build/lab3/build/lib/lab3/__init__.py -> /uolstore/home/student_lnxhome01/fy21ftsa/ros2_ws/src/install/lab3/lib/python3.10/site-packages/lab3
copying /uolstore/home/student_lnxhome01/fy21ftsa/ros2_ws/src/build/lab3/build/lib/lab3/firstwalk.py -> /uolstore/home/student_lnxhome01/fy21ftsa/ros2_ws/src/install/lab3/lib/python3.10/site-packages/lab3
byte-compiling /uolstore/home/student_lnxhome01/fy21ftsa/ros2_ws/src/install/lab3/lib/python3.10/site-packages/lab3/__init__.py to __init__.cpython-310.pyc
byte-compiling /uolstore/home/student_lnxhome01/fy21ftsa/ros2_ws/src/install/lab3/lib/python3.10/site-packages/lab3/firstwalk.py to firstwalk.cpython-310.pyc
running install_data
creating /uolstore/home/student_lnxhome01/fy21ftsa/ros2_ws/src/install/lab3/share/ament_index
creating /uolstore/home/student_lnxhome01/fy21ftsa/ros2_ws/src/install/lab3/share/ament_index/resource_index
creating /uolstore/home/student_lnxhome01/fy21ftsa/ros2_ws/src/install/lab3/share/ament_index/resource_index/packages
copying resource/lab3 -> /uolstore/home/student_lnxhome01/fy21ftsa/ros2_ws/src/install/lab3/share/ament_index/resource_index/packages
copying package.xml -> /uolstore/home/student_lnxhome01/fy21ftsa/ros2_ws/src/install/lab3/share/lab3
running install_egg_info
Copying ../build/lab3/lab3.egg-info to /uolstore/home/student_lnxhome01/fy21ftsa/ros2_ws/src/install/lab3/lib/python3.10/site-packages/lab3-0.0.0-py3.10.egg-info
running install_scripts
Installing firstwalk script to /uolstore/home/student_lnxhome01/fy21ftsa/ros2_ws/src/install/lab3/lib/lab3
writing list of installed files to '/uolstore/home/student_lnxhome01/fy21ftsa/ros2_ws/src/build/lab3/install.log'
