[1.364s] Invoking command in '/uolstore/home/student_lnxhome01/fy21ftsa/ros2_ws/src/lab3': PS1=[COMP3631] Singularity> \w $ PYTHONPATH=/uolstore/home/student_lnxhome01/fy21ftsa/ros2_ws/src/build/lab3/prefix_override:/uolstore/home/student_lnxhome01/fy21ftsa/ros2_ws/src/install/lab3/lib/python3.10/site-packages:${PYTHONPATH} /usr/bin/python3 setup.py egg_info --egg-base ../build/lab3 build --build-base /uolstore/home/student_lnxhome01/fy21ftsa/ros2_ws/src/build/lab3/build install --record /uolstore/home/student_lnxhome01/fy21ftsa/ros2_ws/src/build/lab3/install.log --single-version-externally-managed
[1.564s] running egg_info
[1.565s] creating ../build/lab3/lab3.egg-info
[1.566s] writing ../build/lab3/lab3.egg-info/PKG-INFO
[1.572s] writing dependency_links to ../build/lab3/lab3.egg-info/dependency_links.txt
[1.576s] writing entry points to ../build/lab3/lab3.egg-info/entry_points.txt
[1.579s] writing requirements to ../build/lab3/lab3.egg-info/requires.txt
[1.581s] writing top-level names to ../build/lab3/lab3.egg-info/top_level.txt
[1.585s] writing manifest file '../build/lab3/lab3.egg-info/SOURCES.txt'
[1.595s] reading manifest file '../build/lab3/lab3.egg-info/SOURCES.txt'
[1.598s] writing manifest file '../build/lab3/lab3.egg-info/SOURCES.txt'
[1.599s] running build
[1.599s] running build_py
[1.601s] creating /uolstore/home/student_lnxhome01/fy21ftsa/ros2_ws/src/build/lab3/build
[1.602s] creating /uolstore/home/student_lnxhome01/fy21ftsa/ros2_ws/src/build/lab3/build/lib
[1.603s] creating /uolstore/home/student_lnxhome01/fy21ftsa/ros2_ws/src/build/lab3/build/lib/lab3
[1.606s] copying lab3/__init__.py -> /uolstore/home/student_lnxhome01/fy21ftsa/ros2_ws/src/build/lab3/build/lib/lab3
[1.610s] copying lab3/firstwalk.py -> /uolstore/home/student_lnxhome01/fy21ftsa/ros2_ws/src/build/lab3/build/lib/lab3
[1.617s] running install
[1.617s] running install_lib
[1.621s] creating /uolstore/home/student_lnxhome01/fy21ftsa/ros2_ws/src/install/lab3/lib/python3.10/site-packages/lab3
[1.623s] copying /uolstore/home/student_lnxhome01/fy21ftsa/ros2_ws/src/build/lab3/build/lib/lab3/__init__.py -> /uolstore/home/student_lnxhome01/fy21ftsa/ros2_ws/src/install/lab3/lib/python3.10/site-packages/lab3
[1.627s] copying /uolstore/home/student_lnxhome01/fy21ftsa/ros2_ws/src/build/lab3/build/lib/lab3/firstwalk.py -> /uolstore/home/student_lnxhome01/fy21ftsa/ros2_ws/src/install/lab3/lib/python3.10/site-packages/lab3
[1.634s] byte-compiling /uolstore/home/student_lnxhome01/fy21ftsa/ros2_ws/src/install/lab3/lib/python3.10/site-packages/lab3/__init__.py to __init__.cpython-310.pyc
[1.640s] byte-compiling /uolstore/home/student_lnxhome01/fy21ftsa/ros2_ws/src/install/lab3/lib/python3.10/site-packages/lab3/firstwalk.py to firstwalk.cpython-310.pyc
[1.647s] running install_data
[1.649s] creating /uolstore/home/student_lnxhome01/fy21ftsa/ros2_ws/src/install/lab3/share/ament_index
[1.650s] creating /uolstore/home/student_lnxhome01/fy21ftsa/ros2_ws/src/install/lab3/share/ament_index/resource_index
[1.651s] creating /uolstore/home/student_lnxhome01/fy21ftsa/ros2_ws/src/install/lab3/share/ament_index/resource_index/packages
[1.653s] copying resource/lab3 -> /uolstore/home/student_lnxhome01/fy21ftsa/ros2_ws/src/install/lab3/share/ament_index/resource_index/packages
[1.658s] copying package.xml -> /uolstore/home/student_lnxhome01/fy21ftsa/ros2_ws/src/install/lab3/share/lab3
[1.664s] running install_egg_info
[1.667s] Copying ../build/lab3/lab3.egg-info to /uolstore/home/student_lnxhome01/fy21ftsa/ros2_ws/src/install/lab3/lib/python3.10/site-packages/lab3-0.0.0-py3.10.egg-info
[1.757s] running install_scripts
[1.774s] Installing firstwalk script to /uolstore/home/student_lnxhome01/fy21ftsa/ros2_ws/src/install/lab3/lib/lab3
[1.778s] writing list of installed files to '/uolstore/home/student_lnxhome01/fy21ftsa/ros2_ws/src/build/lab3/install.log'
[1.793s] Invoked command in '/uolstore/home/student_lnxhome01/fy21ftsa/ros2_ws/src/lab3' returned '0': PS1=[COMP3631] Singularity> \w $ PYTHONPATH=/uolstore/home/student_lnxhome01/fy21ftsa/ros2_ws/src/build/lab3/prefix_override:/uolstore/home/student_lnxhome01/fy21ftsa/ros2_ws/src/install/lab3/lib/python3.10/site-packages:${PYTHONPATH} /usr/bin/python3 setup.py egg_info --egg-base ../build/lab3 build --build-base /uolstore/home/student_lnxhome01/fy21ftsa/ros2_ws/src/build/lab3/build install --record /uolstore/home/student_lnxhome01/fy21ftsa/ros2_ws/src/build/lab3/install.log --single-version-externally-managed
