/uolstore/home/users/fy21ftsa/ros2_ws/src/install/lab2/lib/python3.10/site-packages/lab2/talker.py
/uolstore/home/users/fy21ftsa/ros2_ws/src/install/lab2/lib/python3.10/site-packages/lab2/listener.py
/uolstore/home/users/fy21ftsa/ros2_ws/src/install/lab2/lib/python3.10/site-packages/lab2/numeric_talker.py
/uolstore/home/users/fy21ftsa/ros2_ws/src/install/lab2/lib/python3.10/site-packages/lab2/numeric_listener.py
/uolstore/home/users/fy21ftsa/ros2_ws/src/install/lab2/lib/python3.10/site-packages/lab2/__init__.py
/uolstore/home/users/fy21ftsa/ros2_ws/src/install/lab2/lib/python3.10/site-packages/lab2/__pycache__/talker.cpython-310.pyc
/uolstore/home/users/fy21ftsa/ros2_ws/src/install/lab2/lib/python3.10/site-packages/lab2/__pycache__/listener.cpython-310.pyc
/uolstore/home/users/fy21ftsa/ros2_ws/src/install/lab2/lib/python3.10/site-packages/lab2/__pycache__/numeric_talker.cpython-310.pyc
/uolstore/home/users/fy21ftsa/ros2_ws/src/install/lab2/lib/python3.10/site-packages/lab2/__pycache__/numeric_listener.cpython-310.pyc
/uolstore/home/users/fy21ftsa/ros2_ws/src/install/lab2/lib/python3.10/site-packages/lab2/__pycache__/__init__.cpython-310.pyc
/uolstore/home/users/fy21ftsa/ros2_ws/src/install/lab2/share/ament_index/resource_index/packages/lab2
/uolstore/home/users/fy21ftsa/ros2_ws/src/install/lab2/share/lab2/package.xml
/uolstore/home/users/fy21ftsa/ros2_ws/src/install/lab2/share/lab2/launch/chatter.py
/uolstore/home/users/fy21ftsa/ros2_ws/src/install/lab2/share/lab2/launch/numeric_chatter.py
/uolstore/home/users/fy21ftsa/ros2_ws/src/install/lab2/lib/python3.10/site-packages/lab2-0.0.0-py3.10.egg-info/PKG-INFO
/uolstore/home/users/fy21ftsa/ros2_ws/src/install/lab2/lib/python3.10/site-packages/lab2-0.0.0-py3.10.egg-info/zip-safe
/uolstore/home/users/fy21ftsa/ros2_ws/src/install/lab2/lib/python3.10/site-packages/lab2-0.0.0-py3.10.egg-info/dependency_links.txt
/uolstore/home/users/fy21ftsa/ros2_ws/src/install/lab2/lib/python3.10/site-packages/lab2-0.0.0-py3.10.egg-info/entry_points.txt
/uolstore/home/users/fy21ftsa/ros2_ws/src/install/lab2/lib/python3.10/site-packages/lab2-0.0.0-py3.10.egg-info/requires.txt
/uolstore/home/users/fy21ftsa/ros2_ws/src/install/lab2/lib/python3.10/site-packages/lab2-0.0.0-py3.10.egg-info/top_level.txt
/uolstore/home/users/fy21ftsa/ros2_ws/src/install/lab2/lib/python3.10/site-packages/lab2-0.0.0-py3.10.egg-info/SOURCES.txt
/uolstore/home/users/fy21ftsa/ros2_ws/src/install/lab2/lib/lab2/listener
/uolstore/home/users/fy21ftsa/ros2_ws/src/install/lab2/lib/lab2/numeric_listener
/uolstore/home/users/fy21ftsa/ros2_ws/src/install/lab2/lib/lab2/numeric_talker
/uolstore/home/users/fy21ftsa/ros2_ws/src/install/lab2/lib/lab2/talker
