[0.837s] DEBUG:colcon:Command line arguments: ['/usr/bin/colcon', 'build']
[0.837s] DEBUG:colcon:Parsed command line arguments: Namespace(log_base=None, log_level=None, verb_name='build', build_base='build', install_base='install', merge_install=False, symlink_install=False, test_result_base=None, continue_on_error=False, executor='parallel', parallel_workers=20, event_handlers=None, ignore_user_meta=False, metas=['./colcon.meta'], base_paths=['.'], packages_ignore=None, packages_ignore_regex=None, paths=None, packages_up_to=None, packages_up_to_regex=None, packages_above=None, packages_above_and_dependencies=None, packages_above_depth=None, packages_select_by_dep=None, packages_skip_by_dep=None, packages_skip_up_to=None, packages_select_build_failed=False, packages_skip_build_finished=False, packages_select_test_failures=False, packages_skip_test_passed=False, packages_select=None, packages_skip=None, packages_select_regex=None, packages_skip_regex=None, packages_start=None, packages_end=None, allow_overriding=[], cmake_args=None, cmake_target=None, cmake_target_skip_unavailable=False, cmake_clean_cache=False, cmake_clean_first=False, cmake_force_configure=False, ament_cmake_args=None, catkin_cmake_args=None, catkin_skip_building_tests=False, verb_parser=<colcon_defaults.argument_parser.defaults.DefaultArgumentsDecorator object at 0x7f7e76f85b40>, verb_extension=<colcon_core.verb.build.BuildVerb object at 0x7f7e77203fd0>, main=<bound method BuildVerb.main of <colcon_core.verb.build.BuildVerb object at 0x7f7e77203fd0>>)
[0.880s] Level 1:colcon.colcon_core.package_discovery:discover_packages(colcon_meta) check parameters
[0.880s] Level 1:colcon.colcon_core.package_discovery:discover_packages(recursive) check parameters
[0.880s] Level 1:colcon.colcon_core.package_discovery:discover_packages(ignore) check parameters
[0.880s] Level 1:colcon.colcon_core.package_discovery:discover_packages(path) check parameters
[0.881s] Level 1:colcon.colcon_core.package_discovery:discover_packages(colcon_meta) discover
[0.882s] Level 1:colcon.colcon_core.package_discovery:discover_packages(recursive) discover
[0.882s] INFO:colcon.colcon_core.package_discovery:Crawling recursively for packages in '/uolstore/home/users/fy21ftsa/ros2_ws/src'
[0.883s] Level 1:colcon.colcon_core.package_identification:_identify(.) by extensions ['ignore', 'ignore_ament_install']
[0.884s] Level 1:colcon.colcon_core.package_identification:_identify(.) by extension 'ignore'
[0.884s] Level 1:colcon.colcon_core.package_identification:_identify(.) by extension 'ignore_ament_install'
[0.884s] Level 1:colcon.colcon_core.package_identification:_identify(.) by extensions ['colcon_pkg']
[0.884s] Level 1:colcon.colcon_core.package_identification:_identify(.) by extension 'colcon_pkg'
[0.884s] Level 1:colcon.colcon_core.package_identification:_identify(.) by extensions ['colcon_meta']
[0.884s] Level 1:colcon.colcon_core.package_identification:_identify(.) by extension 'colcon_meta'
[0.884s] Level 1:colcon.colcon_core.package_identification:_identify(.) by extensions ['ros']
[0.884s] Level 1:colcon.colcon_core.package_identification:_identify(.) by extension 'ros'
[0.891s] Level 1:colcon.colcon_core.package_identification:_identify(.) by extensions ['cmake', 'python']
[0.891s] Level 1:colcon.colcon_core.package_identification:_identify(.) by extension 'cmake'
[0.892s] Level 1:colcon.colcon_core.package_identification:_identify(.) by extension 'python'
[0.892s] Level 1:colcon.colcon_core.package_identification:_identify(.) by extensions ['python_setup_py']
[0.893s] Level 1:colcon.colcon_core.package_identification:_identify(.) by extension 'python_setup_py'
[0.895s] Level 1:colcon.colcon_core.package_identification:_identify(build) by extensions ['ignore', 'ignore_ament_install']
[0.895s] Level 1:colcon.colcon_core.package_identification:_identify(build) by extension 'ignore'
[0.895s] Level 1:colcon.colcon_core.package_identification:_identify(build) ignored
[0.896s] Level 1:colcon.colcon_core.package_identification:_identify(install) by extensions ['ignore', 'ignore_ament_install']
[0.897s] Level 1:colcon.colcon_core.package_identification:_identify(install) by extension 'ignore'
[0.897s] Level 1:colcon.colcon_core.package_identification:_identify(install) ignored
[0.898s] Level 1:colcon.colcon_core.package_identification:_identify(lab1) by extensions ['ignore', 'ignore_ament_install']
[0.898s] Level 1:colcon.colcon_core.package_identification:_identify(lab1) by extension 'ignore'
[0.898s] Level 1:colcon.colcon_core.package_identification:_identify(lab1) by extension 'ignore_ament_install'
[0.898s] Level 1:colcon.colcon_core.package_identification:_identify(lab1) by extensions ['colcon_pkg']
[0.898s] Level 1:colcon.colcon_core.package_identification:_identify(lab1) by extension 'colcon_pkg'
[0.898s] Level 1:colcon.colcon_core.package_identification:_identify(lab1) by extensions ['colcon_meta']
[0.898s] Level 1:colcon.colcon_core.package_identification:_identify(lab1) by extension 'colcon_meta'
[0.898s] Level 1:colcon.colcon_core.package_identification:_identify(lab1) by extensions ['ros']
[0.898s] Level 1:colcon.colcon_core.package_identification:_identify(lab1) by extension 'ros'
[0.905s] DEBUG:colcon.colcon_core.package_identification:Package 'lab1' with type 'ros.ament_python' and name 'lab1'
[0.906s] Level 1:colcon.colcon_core.package_identification:_identify(lab2) by extensions ['ignore', 'ignore_ament_install']
[0.906s] Level 1:colcon.colcon_core.package_identification:_identify(lab2) by extension 'ignore'
[0.906s] Level 1:colcon.colcon_core.package_identification:_identify(lab2) by extension 'ignore_ament_install'
[0.906s] Level 1:colcon.colcon_core.package_identification:_identify(lab2) by extensions ['colcon_pkg']
[0.906s] Level 1:colcon.colcon_core.package_identification:_identify(lab2) by extension 'colcon_pkg'
[0.906s] Level 1:colcon.colcon_core.package_identification:_identify(lab2) by extensions ['colcon_meta']
[0.906s] Level 1:colcon.colcon_core.package_identification:_identify(lab2) by extension 'colcon_meta'
[0.906s] Level 1:colcon.colcon_core.package_identification:_identify(lab2) by extensions ['ros']
[0.906s] Level 1:colcon.colcon_core.package_identification:_identify(lab2) by extension 'ros'
[0.908s] DEBUG:colcon.colcon_core.package_identification:Package 'lab2' with type 'ros.ament_python' and name 'lab2'
[0.909s] Level 1:colcon.colcon_core.package_identification:_identify(lab3) by extensions ['ignore', 'ignore_ament_install']
[0.909s] Level 1:colcon.colcon_core.package_identification:_identify(lab3) by extension 'ignore'
[0.909s] Level 1:colcon.colcon_core.package_identification:_identify(lab3) by extension 'ignore_ament_install'
[0.909s] Level 1:colcon.colcon_core.package_identification:_identify(lab3) by extensions ['colcon_pkg']
[0.909s] Level 1:colcon.colcon_core.package_identification:_identify(lab3) by extension 'colcon_pkg'
[0.909s] Level 1:colcon.colcon_core.package_identification:_identify(lab3) by extensions ['colcon_meta']
[0.909s] Level 1:colcon.colcon_core.package_identification:_identify(lab3) by extension 'colcon_meta'
[0.909s] Level 1:colcon.colcon_core.package_identification:_identify(lab3) by extensions ['ros']
[0.909s] Level 1:colcon.colcon_core.package_identification:_identify(lab3) by extension 'ros'
[0.911s] DEBUG:colcon.colcon_core.package_identification:Package 'lab3' with type 'ros.ament_python' and name 'lab3'
[0.912s] Level 1:colcon.colcon_core.package_identification:_identify(log) by extensions ['ignore', 'ignore_ament_install']
[0.912s] Level 1:colcon.colcon_core.package_identification:_identify(log) by extension 'ignore'
[0.913s] Level 1:colcon.colcon_core.package_identification:_identify(log) ignored
[0.913s] Level 1:colcon.colcon_core.package_discovery:discover_packages(recursive) using defaults
[0.913s] Level 1:colcon.colcon_core.package_discovery:discover_packages(ignore) discover
[0.913s] Level 1:colcon.colcon_core.package_discovery:discover_packages(ignore) using defaults
[0.913s] Level 1:colcon.colcon_core.package_discovery:discover_packages(path) discover
[0.913s] Level 1:colcon.colcon_core.package_discovery:discover_packages(path) using defaults
[0.996s] Level 1:colcon.colcon_core.package_discovery:discover_packages(prefix_path) check parameters
[0.996s] Level 1:colcon.colcon_core.package_discovery:discover_packages(prefix_path) discover
[1.036s] DEBUG:colcon.colcon_installed_package_information.package_discovery:Found 2 installed packages in /uolstore/home/student_lnxhome01/fy21ftsa/ros2_ws/install
[1.050s] DEBUG:colcon.colcon_installed_package_information.package_discovery:Found 383 installed packages in /opt/ros/humble
[1.056s] Level 1:colcon.colcon_core.package_discovery:discover_packages(prefix_path) using defaults
[1.134s] Level 5:colcon.colcon_core.verb:set package 'lab1' build argument 'cmake_args' from command line to 'None'
[1.134s] Level 5:colcon.colcon_core.verb:set package 'lab1' build argument 'cmake_target' from command line to 'None'
[1.134s] Level 5:colcon.colcon_core.verb:set package 'lab1' build argument 'cmake_target_skip_unavailable' from command line to 'False'
[1.134s] Level 5:colcon.colcon_core.verb:set package 'lab1' build argument 'cmake_clean_cache' from command line to 'False'
[1.134s] Level 5:colcon.colcon_core.verb:set package 'lab1' build argument 'cmake_clean_first' from command line to 'False'
[1.134s] Level 5:colcon.colcon_core.verb:set package 'lab1' build argument 'cmake_force_configure' from command line to 'False'
[1.134s] Level 5:colcon.colcon_core.verb:set package 'lab1' build argument 'ament_cmake_args' from command line to 'None'
[1.134s] Level 5:colcon.colcon_core.verb:set package 'lab1' build argument 'catkin_cmake_args' from command line to 'None'
[1.134s] Level 5:colcon.colcon_core.verb:set package 'lab1' build argument 'catkin_skip_building_tests' from command line to 'False'
[1.134s] DEBUG:colcon.colcon_core.verb:Building package 'lab1' with the following arguments: {'ament_cmake_args': None, 'build_base': '/uolstore/home/users/fy21ftsa/ros2_ws/src/build/lab1', 'catkin_cmake_args': None, 'catkin_skip_building_tests': False, 'cmake_args': None, 'cmake_clean_cache': False, 'cmake_clean_first': False, 'cmake_force_configure': False, 'cmake_target': None, 'cmake_target_skip_unavailable': False, 'install_base': '/uolstore/home/users/fy21ftsa/ros2_ws/src/install/lab1', 'merge_install': False, 'path': '/uolstore/home/users/fy21ftsa/ros2_ws/src/lab1', 'symlink_install': False, 'test_result_base': None}
[1.147s] Level 5:colcon.colcon_core.verb:set package 'lab2' build argument 'cmake_args' from command line to 'None'
[1.147s] Level 5:colcon.colcon_core.verb:set package 'lab2' build argument 'cmake_target' from command line to 'None'
[1.147s] Level 5:colcon.colcon_core.verb:set package 'lab2' build argument 'cmake_target_skip_unavailable' from command line to 'False'
[1.147s] Level 5:colcon.colcon_core.verb:set package 'lab2' build argument 'cmake_clean_cache' from command line to 'False'
[1.147s] Level 5:colcon.colcon_core.verb:set package 'lab2' build argument 'cmake_clean_first' from command line to 'False'
[1.147s] Level 5:colcon.colcon_core.verb:set package 'lab2' build argument 'cmake_force_configure' from command line to 'False'
[1.147s] Level 5:colcon.colcon_core.verb:set package 'lab2' build argument 'ament_cmake_args' from command line to 'None'
[1.148s] Level 5:colcon.colcon_core.verb:set package 'lab2' build argument 'catkin_cmake_args' from command line to 'None'
[1.148s] Level 5:colcon.colcon_core.verb:set package 'lab2' build argument 'catkin_skip_building_tests' from command line to 'False'
[1.148s] DEBUG:colcon.colcon_core.verb:Building package 'lab2' with the following arguments: {'ament_cmake_args': None, 'build_base': '/uolstore/home/users/fy21ftsa/ros2_ws/src/build/lab2', 'catkin_cmake_args': None, 'catkin_skip_building_tests': False, 'cmake_args': None, 'cmake_clean_cache': False, 'cmake_clean_first': False, 'cmake_force_configure': False, 'cmake_target': None, 'cmake_target_skip_unavailable': False, 'install_base': '/uolstore/home/users/fy21ftsa/ros2_ws/src/install/lab2', 'merge_install': False, 'path': '/uolstore/home/users/fy21ftsa/ros2_ws/src/lab2', 'symlink_install': False, 'test_result_base': None}
[1.159s] Level 5:colcon.colcon_core.verb:set package 'lab3' build argument 'cmake_args' from command line to 'None'
[1.160s] Level 5:colcon.colcon_core.verb:set package 'lab3' build argument 'cmake_target' from command line to 'None'
[1.160s] Level 5:colcon.colcon_core.verb:set package 'lab3' build argument 'cmake_target_skip_unavailable' from command line to 'False'
[1.160s] Level 5:colcon.colcon_core.verb:set package 'lab3' build argument 'cmake_clean_cache' from command line to 'False'
[1.160s] Level 5:colcon.colcon_core.verb:set package 'lab3' build argument 'cmake_clean_first' from command line to 'False'
[1.160s] Level 5:colcon.colcon_core.verb:set package 'lab3' build argument 'cmake_force_configure' from command line to 'False'
[1.160s] Level 5:colcon.colcon_core.verb:set package 'lab3' build argument 'ament_cmake_args' from command line to 'None'
[1.160s] Level 5:colcon.colcon_core.verb:set package 'lab3' build argument 'catkin_cmake_args' from command line to 'None'
[1.160s] Level 5:colcon.colcon_core.verb:set package 'lab3' build argument 'catkin_skip_building_tests' from command line to 'False'
[1.160s] DEBUG:colcon.colcon_core.verb:Building package 'lab3' with the following arguments: {'ament_cmake_args': None, 'build_base': '/uolstore/home/users/fy21ftsa/ros2_ws/src/build/lab3', 'catkin_cmake_args': None, 'catkin_skip_building_tests': False, 'cmake_args': None, 'cmake_clean_cache': False, 'cmake_clean_first': False, 'cmake_force_configure': False, 'cmake_target': None, 'cmake_target_skip_unavailable': False, 'install_base': '/uolstore/home/users/fy21ftsa/ros2_ws/src/install/lab3', 'merge_install': False, 'path': '/uolstore/home/users/fy21ftsa/ros2_ws/src/lab3', 'symlink_install': False, 'test_result_base': None}
[1.172s] INFO:colcon.colcon_core.executor:Executing jobs using 'parallel' executor
[1.184s] DEBUG:colcon.colcon_parallel_executor.executor.parallel:run_until_complete
[1.185s] INFO:colcon.colcon_ros.task.ament_python.build:Building ROS package in '/uolstore/home/users/fy21ftsa/ros2_ws/src/lab1' with build type 'ament_python'
[1.185s] Level 1:colcon.colcon_core.shell:create_environment_hook('lab1', 'ament_prefix_path')
[1.199s] INFO:colcon.colcon_core.plugin_system:Skipping extension 'colcon_core.shell.bat': Not used on non-Windows systems
[1.199s] INFO:colcon.colcon_core.shell:Creating environment hook '/uolstore/home/users/fy21ftsa/ros2_ws/src/install/lab1/share/lab1/hook/ament_prefix_path.ps1'
[1.205s] INFO:colcon.colcon_core.shell:Creating environment descriptor '/uolstore/home/users/fy21ftsa/ros2_ws/src/install/lab1/share/lab1/hook/ament_prefix_path.dsv'
[1.208s] INFO:colcon.colcon_core.shell:Creating environment hook '/uolstore/home/users/fy21ftsa/ros2_ws/src/install/lab1/share/lab1/hook/ament_prefix_path.sh'
[1.225s] INFO:colcon.colcon_core.shell:Skip shell extension 'powershell' for command environment: Not usable outside of PowerShell
[1.225s] DEBUG:colcon.colcon_core.shell:Skip shell extension 'dsv' for command environment
[1.284s] INFO:colcon.colcon_ros.task.ament_python.build:Building ROS package in '/uolstore/home/users/fy21ftsa/ros2_ws/src/lab2' with build type 'ament_python'
[1.284s] Level 1:colcon.colcon_core.shell:create_environment_hook('lab2', 'ament_prefix_path')
[1.298s] INFO:colcon.colcon_core.shell:Creating environment hook '/uolstore/home/users/fy21ftsa/ros2_ws/src/install/lab2/share/lab2/hook/ament_prefix_path.ps1'
[1.306s] INFO:colcon.colcon_core.shell:Creating environment descriptor '/uolstore/home/users/fy21ftsa/ros2_ws/src/install/lab2/share/lab2/hook/ament_prefix_path.dsv'
[1.312s] INFO:colcon.colcon_core.shell:Creating environment hook '/uolstore/home/users/fy21ftsa/ros2_ws/src/install/lab2/share/lab2/hook/ament_prefix_path.sh'
[1.331s] INFO:colcon.colcon_core.shell:Skip shell extension 'powershell' for command environment: Not usable outside of PowerShell
[1.331s] DEBUG:colcon.colcon_core.shell:Skip shell extension 'dsv' for command environment
[1.377s] INFO:colcon.colcon_ros.task.ament_python.build:Building ROS package in '/uolstore/home/users/fy21ftsa/ros2_ws/src/lab3' with build type 'ament_python'
[1.377s] Level 1:colcon.colcon_core.shell:create_environment_hook('lab3', 'ament_prefix_path')
[1.390s] INFO:colcon.colcon_core.shell:Creating environment hook '/uolstore/home/users/fy21ftsa/ros2_ws/src/install/lab3/share/lab3/hook/ament_prefix_path.ps1'
[1.394s] INFO:colcon.colcon_core.shell:Creating environment descriptor '/uolstore/home/users/fy21ftsa/ros2_ws/src/install/lab3/share/lab3/hook/ament_prefix_path.dsv'
[1.397s] INFO:colcon.colcon_core.shell:Creating environment hook '/uolstore/home/users/fy21ftsa/ros2_ws/src/install/lab3/share/lab3/hook/ament_prefix_path.sh'
[1.413s] INFO:colcon.colcon_core.shell:Skip shell extension 'powershell' for command environment: Not usable outside of PowerShell
[1.413s] DEBUG:colcon.colcon_core.shell:Skip shell extension 'dsv' for command environment
[1.683s] INFO:colcon.colcon_core.task.python.build:Building Python package in '/uolstore/home/users/fy21ftsa/ros2_ws/src/lab1'
[1.698s] INFO:colcon.colcon_core.shell:Skip shell extension 'powershell' for command environment: Not usable outside of PowerShell
[1.698s] DEBUG:colcon.colcon_core.shell:Skip shell extension 'dsv' for command environment
[1.974s] INFO:colcon.colcon_core.task.python.build:Building Python package in '/uolstore/home/users/fy21ftsa/ros2_ws/src/lab2'
[1.990s] INFO:colcon.colcon_core.shell:Skip shell extension 'powershell' for command environment: Not usable outside of PowerShell
[1.990s] DEBUG:colcon.colcon_core.shell:Skip shell extension 'dsv' for command environment
[2.271s] INFO:colcon.colcon_core.task.python.build:Building Python package in '/uolstore/home/users/fy21ftsa/ros2_ws/src/lab3'
[2.287s] INFO:colcon.colcon_core.shell:Skip shell extension 'powershell' for command environment: Not usable outside of PowerShell
[2.287s] DEBUG:colcon.colcon_core.shell:Skip shell extension 'dsv' for command environment
[2.689s] DEBUG:colcon.colcon_core.event_handler.log_command:Invoking command in '/uolstore/home/users/fy21ftsa/ros2_ws/src/lab1': PS1=[COMP3631] Singularity> \w $ PYTHONPATH=/uolstore/home/users/fy21ftsa/ros2_ws/src/build/lab1/prefix_override:/uolstore/home/users/fy21ftsa/ros2_ws/src/install/lab1/lib/python3.10/site-packages:${PYTHONPATH} /usr/bin/python3 setup.py egg_info --egg-base ../build/lab1 build --build-base /uolstore/home/users/fy21ftsa/ros2_ws/src/build/lab1/build install --record /uolstore/home/users/fy21ftsa/ros2_ws/src/build/lab1/install.log --single-version-externally-managed
[2.695s] DEBUG:colcon.colcon_core.event_handler.log_command:Invoking command in '/uolstore/home/users/fy21ftsa/ros2_ws/src/lab3': PS1=[COMP3631] Singularity> \w $ PYTHONPATH=/uolstore/home/users/fy21ftsa/ros2_ws/src/build/lab3/prefix_override:/uolstore/home/users/fy21ftsa/ros2_ws/src/install/lab3/lib/python3.10/site-packages:${PYTHONPATH} /usr/bin/python3 setup.py egg_info --egg-base ../build/lab3 build --build-base /uolstore/home/users/fy21ftsa/ros2_ws/src/build/lab3/build install --record /uolstore/home/users/fy21ftsa/ros2_ws/src/build/lab3/install.log --single-version-externally-managed
[2.704s] DEBUG:colcon.colcon_core.event_handler.log_command:Invoking command in '/uolstore/home/users/fy21ftsa/ros2_ws/src/lab2': PS1=[COMP3631] Singularity> \w $ PYTHONPATH=/uolstore/home/users/fy21ftsa/ros2_ws/src/build/lab2/prefix_override:/uolstore/home/users/fy21ftsa/ros2_ws/src/install/lab2/lib/python3.10/site-packages:${PYTHONPATH} /usr/bin/python3 setup.py egg_info --egg-base ../build/lab2 build --build-base /uolstore/home/users/fy21ftsa/ros2_ws/src/build/lab2/build install --record /uolstore/home/users/fy21ftsa/ros2_ws/src/build/lab2/install.log --single-version-externally-managed
[3.105s] DEBUG:colcon.colcon_core.event_handler.log_command:Invoked command in '/uolstore/home/users/fy21ftsa/ros2_ws/src/lab3' returned '0': PS1=[COMP3631] Singularity> \w $ PYTHONPATH=/uolstore/home/users/fy21ftsa/ros2_ws/src/build/lab3/prefix_override:/uolstore/home/users/fy21ftsa/ros2_ws/src/install/lab3/lib/python3.10/site-packages:${PYTHONPATH} /usr/bin/python3 setup.py egg_info --egg-base ../build/lab3 build --build-base /uolstore/home/users/fy21ftsa/ros2_ws/src/build/lab3/build install --record /uolstore/home/users/fy21ftsa/ros2_ws/src/build/lab3/install.log --single-version-externally-managed
[3.121s] Level 1:colcon.colcon_core.environment:checking '/uolstore/home/users/fy21ftsa/ros2_ws/src/install/lab3' for CMake module files
[3.124s] Level 1:colcon.colcon_core.environment:checking '/uolstore/home/users/fy21ftsa/ros2_ws/src/install/lab3' for CMake config files
[3.132s] Level 1:colcon.colcon_core.environment:checking '/uolstore/home/users/fy21ftsa/ros2_ws/src/install/lab3/lib'
[3.133s] Level 1:colcon.colcon_core.environment:checking '/uolstore/home/users/fy21ftsa/ros2_ws/src/install/lab3/bin'
[3.133s] Level 1:colcon.colcon_core.environment:checking '/uolstore/home/users/fy21ftsa/ros2_ws/src/install/lab3/lib/pkgconfig/lab3.pc'
[3.133s] Level 1:colcon.colcon_core.environment:checking '/uolstore/home/users/fy21ftsa/ros2_ws/src/install/lab3/lib/python3.10/site-packages'
[3.133s] Level 1:colcon.colcon_core.shell:create_environment_hook('lab3', 'pythonpath')
[3.145s] INFO:colcon.colcon_core.shell:Creating environment hook '/uolstore/home/users/fy21ftsa/ros2_ws/src/install/lab3/share/lab3/hook/pythonpath.ps1'
[3.148s] INFO:colcon.colcon_core.shell:Creating environment descriptor '/uolstore/home/users/fy21ftsa/ros2_ws/src/install/lab3/share/lab3/hook/pythonpath.dsv'
[3.151s] INFO:colcon.colcon_core.shell:Creating environment hook '/uolstore/home/users/fy21ftsa/ros2_ws/src/install/lab3/share/lab3/hook/pythonpath.sh'
[3.155s] Level 1:colcon.colcon_core.environment:checking '/uolstore/home/users/fy21ftsa/ros2_ws/src/install/lab3/bin'
[3.155s] Level 1:colcon.colcon_core.environment:create_environment_scripts_only(lab3)
[3.167s] INFO:colcon.colcon_core.shell:Creating package script '/uolstore/home/users/fy21ftsa/ros2_ws/src/install/lab3/share/lab3/package.ps1'
[3.173s] INFO:colcon.colcon_core.shell:Creating package descriptor '/uolstore/home/users/fy21ftsa/ros2_ws/src/install/lab3/share/lab3/package.dsv'
[3.178s] INFO:colcon.colcon_core.shell:Creating package script '/uolstore/home/users/fy21ftsa/ros2_ws/src/install/lab3/share/lab3/package.sh'
[3.182s] INFO:colcon.colcon_core.shell:Creating package script '/uolstore/home/users/fy21ftsa/ros2_ws/src/install/lab3/share/lab3/package.bash'
[3.186s] INFO:colcon.colcon_core.shell:Creating package script '/uolstore/home/users/fy21ftsa/ros2_ws/src/install/lab3/share/lab3/package.zsh'
[3.192s] Level 1:colcon.colcon_core.environment:create_file_with_runtime_dependencies(/uolstore/home/users/fy21ftsa/ros2_ws/src/install/lab3/share/colcon-core/packages/lab3)
[3.204s] DEBUG:colcon.colcon_core.event_handler.log_command:Invoked command in '/uolstore/home/users/fy21ftsa/ros2_ws/src/lab1' returned '0': PS1=[COMP3631] Singularity> \w $ PYTHONPATH=/uolstore/home/users/fy21ftsa/ros2_ws/src/build/lab1/prefix_override:/uolstore/home/users/fy21ftsa/ros2_ws/src/install/lab1/lib/python3.10/site-packages:${PYTHONPATH} /usr/bin/python3 setup.py egg_info --egg-base ../build/lab1 build --build-base /uolstore/home/users/fy21ftsa/ros2_ws/src/build/lab1/build install --record /uolstore/home/users/fy21ftsa/ros2_ws/src/build/lab1/install.log --single-version-externally-managed
[3.209s] Level 1:colcon.colcon_core.environment:checking '/uolstore/home/users/fy21ftsa/ros2_ws/src/install/lab1' for CMake module files
[3.215s] Level 1:colcon.colcon_core.environment:checking '/uolstore/home/users/fy21ftsa/ros2_ws/src/install/lab1' for CMake config files
[3.228s] Level 1:colcon.colcon_core.environment:checking '/uolstore/home/users/fy21ftsa/ros2_ws/src/install/lab1/lib'
[3.229s] Level 1:colcon.colcon_core.environment:checking '/uolstore/home/users/fy21ftsa/ros2_ws/src/install/lab1/bin'
[3.229s] Level 1:colcon.colcon_core.environment:checking '/uolstore/home/users/fy21ftsa/ros2_ws/src/install/lab1/lib/pkgconfig/lab1.pc'
[3.229s] Level 1:colcon.colcon_core.environment:checking '/uolstore/home/users/fy21ftsa/ros2_ws/src/install/lab1/lib/python3.10/site-packages'
[3.229s] Level 1:colcon.colcon_core.shell:create_environment_hook('lab1', 'pythonpath')
[3.243s] INFO:colcon.colcon_core.shell:Creating environment hook '/uolstore/home/users/fy21ftsa/ros2_ws/src/install/lab1/share/lab1/hook/pythonpath.ps1'
[3.247s] INFO:colcon.colcon_core.shell:Creating environment descriptor '/uolstore/home/users/fy21ftsa/ros2_ws/src/install/lab1/share/lab1/hook/pythonpath.dsv'
[3.250s] INFO:colcon.colcon_core.shell:Creating environment hook '/uolstore/home/users/fy21ftsa/ros2_ws/src/install/lab1/share/lab1/hook/pythonpath.sh'
[3.253s] Level 1:colcon.colcon_core.environment:checking '/uolstore/home/users/fy21ftsa/ros2_ws/src/install/lab1/bin'
[3.253s] Level 1:colcon.colcon_core.environment:create_environment_scripts_only(lab1)
[3.266s] INFO:colcon.colcon_core.shell:Creating package script '/uolstore/home/users/fy21ftsa/ros2_ws/src/install/lab1/share/lab1/package.ps1'
[3.269s] INFO:colcon.colcon_core.shell:Creating package descriptor '/uolstore/home/users/fy21ftsa/ros2_ws/src/install/lab1/share/lab1/package.dsv'
[3.272s] INFO:colcon.colcon_core.shell:Creating package script '/uolstore/home/users/fy21ftsa/ros2_ws/src/install/lab1/share/lab1/package.sh'
[3.275s] INFO:colcon.colcon_core.shell:Creating package script '/uolstore/home/users/fy21ftsa/ros2_ws/src/install/lab1/share/lab1/package.bash'
[3.278s] INFO:colcon.colcon_core.shell:Creating package script '/uolstore/home/users/fy21ftsa/ros2_ws/src/install/lab1/share/lab1/package.zsh'
[3.281s] Level 1:colcon.colcon_core.environment:create_file_with_runtime_dependencies(/uolstore/home/users/fy21ftsa/ros2_ws/src/install/lab1/share/colcon-core/packages/lab1)
[3.288s] DEBUG:colcon.colcon_core.event_handler.log_command:Invoked command in '/uolstore/home/users/fy21ftsa/ros2_ws/src/lab2' returned '0': PS1=[COMP3631] Singularity> \w $ PYTHONPATH=/uolstore/home/users/fy21ftsa/ros2_ws/src/build/lab2/prefix_override:/uolstore/home/users/fy21ftsa/ros2_ws/src/install/lab2/lib/python3.10/site-packages:${PYTHONPATH} /usr/bin/python3 setup.py egg_info --egg-base ../build/lab2 build --build-base /uolstore/home/users/fy21ftsa/ros2_ws/src/build/lab2/build install --record /uolstore/home/users/fy21ftsa/ros2_ws/src/build/lab2/install.log --single-version-externally-managed
[3.296s] Level 1:colcon.colcon_core.environment:checking '/uolstore/home/users/fy21ftsa/ros2_ws/src/install/lab2' for CMake module files
[3.300s] Level 1:colcon.colcon_core.environment:checking '/uolstore/home/users/fy21ftsa/ros2_ws/src/install/lab2' for CMake config files
[3.309s] Level 1:colcon.colcon_core.environment:checking '/uolstore/home/users/fy21ftsa/ros2_ws/src/install/lab2/lib'
[3.309s] Level 1:colcon.colcon_core.environment:checking '/uolstore/home/users/fy21ftsa/ros2_ws/src/install/lab2/bin'
[3.309s] Level 1:colcon.colcon_core.environment:checking '/uolstore/home/users/fy21ftsa/ros2_ws/src/install/lab2/lib/pkgconfig/lab2.pc'
[3.309s] Level 1:colcon.colcon_core.environment:checking '/uolstore/home/users/fy21ftsa/ros2_ws/src/install/lab2/lib/python3.10/site-packages'
[3.309s] Level 1:colcon.colcon_core.shell:create_environment_hook('lab2', 'pythonpath')
[3.321s] INFO:colcon.colcon_core.shell:Creating environment hook '/uolstore/home/users/fy21ftsa/ros2_ws/src/install/lab2/share/lab2/hook/pythonpath.ps1'
[3.325s] INFO:colcon.colcon_core.shell:Creating environment descriptor '/uolstore/home/users/fy21ftsa/ros2_ws/src/install/lab2/share/lab2/hook/pythonpath.dsv'
[3.328s] INFO:colcon.colcon_core.shell:Creating environment hook '/uolstore/home/users/fy21ftsa/ros2_ws/src/install/lab2/share/lab2/hook/pythonpath.sh'
[3.332s] Level 1:colcon.colcon_core.environment:checking '/uolstore/home/users/fy21ftsa/ros2_ws/src/install/lab2/bin'
[3.332s] Level 1:colcon.colcon_core.environment:create_environment_scripts_only(lab2)
[3.344s] INFO:colcon.colcon_core.shell:Creating package script '/uolstore/home/users/fy21ftsa/ros2_ws/src/install/lab2/share/lab2/package.ps1'
[3.348s] INFO:colcon.colcon_core.shell:Creating package descriptor '/uolstore/home/users/fy21ftsa/ros2_ws/src/install/lab2/share/lab2/package.dsv'
[3.351s] INFO:colcon.colcon_core.shell:Creating package script '/uolstore/home/users/fy21ftsa/ros2_ws/src/install/lab2/share/lab2/package.sh'
[3.354s] INFO:colcon.colcon_core.shell:Creating package script '/uolstore/home/users/fy21ftsa/ros2_ws/src/install/lab2/share/lab2/package.bash'
[3.357s] INFO:colcon.colcon_core.shell:Creating package script '/uolstore/home/users/fy21ftsa/ros2_ws/src/install/lab2/share/lab2/package.zsh'
[3.360s] Level 1:colcon.colcon_core.environment:create_file_with_runtime_dependencies(/uolstore/home/users/fy21ftsa/ros2_ws/src/install/lab2/share/colcon-core/packages/lab2)
[3.363s] DEBUG:colcon.colcon_parallel_executor.executor.parallel:closing loop
[3.363s] DEBUG:colcon.colcon_parallel_executor.executor.parallel:loop closed
[3.364s] DEBUG:colcon.colcon_parallel_executor.executor.parallel:run_until_complete finished with '0'
[3.364s] DEBUG:colcon.colcon_core.event_reactor:joining thread
[3.387s] INFO:colcon.colcon_core.plugin_system:Skipping extension 'colcon_notification.desktop_notification.notify_send': Could not find 'notify-send'
[3.387s] INFO:colcon.colcon_core.plugin_system:Skipping extension 'colcon_notification.desktop_notification.terminal_notifier': Not used on non-Darwin systems
[3.387s] INFO:colcon.colcon_core.plugin_system:Skipping extension 'colcon_notification.desktop_notification.win32': Not used on non-Windows systems
[3.387s] INFO:colcon.colcon_notification.desktop_notification:Sending desktop notification using 'notify2'
[3.393s] DEBUG:colcon.colcon_core.event_reactor:joined thread
[3.407s] INFO:colcon.colcon_core.shell:Creating prefix script '/uolstore/home/users/fy21ftsa/ros2_ws/src/install/local_setup.ps1'
[3.416s] INFO:colcon.colcon_core.shell:Creating prefix util module '/uolstore/home/users/fy21ftsa/ros2_ws/src/install/_local_setup_util_ps1.py'
[3.425s] INFO:colcon.colcon_core.shell:Creating prefix chain script '/uolstore/home/users/fy21ftsa/ros2_ws/src/install/setup.ps1'
[3.448s] INFO:colcon.colcon_core.shell:Creating prefix script '/uolstore/home/users/fy21ftsa/ros2_ws/src/install/local_setup.sh'
[3.451s] INFO:colcon.colcon_core.shell:Creating prefix util module '/uolstore/home/users/fy21ftsa/ros2_ws/src/install/_local_setup_util_sh.py'
[3.456s] INFO:colcon.colcon_core.shell:Creating prefix chain script '/uolstore/home/users/fy21ftsa/ros2_ws/src/install/setup.sh'
[3.473s] INFO:colcon.colcon_core.shell:Creating prefix script '/uolstore/home/users/fy21ftsa/ros2_ws/src/install/local_setup.bash'
[3.477s] INFO:colcon.colcon_core.shell:Creating prefix chain script '/uolstore/home/users/fy21ftsa/ros2_ws/src/install/setup.bash'
[3.495s] INFO:colcon.colcon_core.shell:Creating prefix script '/uolstore/home/users/fy21ftsa/ros2_ws/src/install/local_setup.zsh'
[3.499s] INFO:colcon.colcon_core.shell:Creating prefix chain script '/uolstore/home/users/fy21ftsa/ros2_ws/src/install/setup.zsh'
