running egg_info
creating ../build/lab1/lab1.egg-info
writing ../build/lab1/lab1.egg-info/PKG-INFO
writing dependency_links to ../build/lab1/lab1.egg-info/dependency_links.txt
writing entry points to ../build/lab1/lab1.egg-info/entry_points.txt
writing requirements to ../build/lab1/lab1.egg-info/requires.txt
writing top-level names to ../build/lab1/lab1.egg-info/top_level.txt
writing manifest file '../build/lab1/lab1.egg-info/SOURCES.txt'
reading manifest file '../build/lab1/lab1.egg-info/SOURCES.txt'
writing manifest file '../build/lab1/lab1.egg-info/SOURCES.txt'
running build
running build_py
creating /uolstore/home/student_lnxhome01/fy21ftsa/ros2_ws/src/build/lab1/build
creating /uolstore/home/student_lnxhome01/fy21ftsa/ros2_ws/src/build/lab1/build/lib
creating /uolstore/home/student_lnxhome01/fy21ftsa/ros2_ws/src/build/lab1/build/lib/lab1
copying lab1/__init__.py -> /uolstore/home/student_lnxhome01/fy21ftsa/ros2_ws/src/build/lab1/build/lib/lab1
copying lab1/hello.py -> /uolstore/home/student_lnxhome01/fy21ftsa/ros2_ws/src/build/lab1/build/lib/lab1
running install
running install_lib
creating /uolstore/home/student_lnxhome01/fy21ftsa/ros2_ws/src/install/lab1/lib/python3.10/site-packages/lab1
copying /uolstore/home/student_lnxhome01/fy21ftsa/ros2_ws/src/build/lab1/build/lib/lab1/__init__.py -> /uolstore/home/student_lnxhome01/fy21ftsa/ros2_ws/src/install/lab1/lib/python3.10/site-packages/lab1
copying /uolstore/home/student_lnxhome01/fy21ftsa/ros2_ws/src/build/lab1/build/lib/lab1/hello.py -> /uolstore/home/student_lnxhome01/fy21ftsa/ros2_ws/src/install/lab1/lib/python3.10/site-packages/lab1
byte-compiling /uolstore/home/student_lnxhome01/fy21ftsa/ros2_ws/src/install/lab1/lib/python3.10/site-packages/lab1/__init__.py to __init__.cpython-310.pyc
byte-compiling /uolstore/home/student_lnxhome01/fy21ftsa/ros2_ws/src/install/lab1/lib/python3.10/site-packages/lab1/hello.py to hello.cpython-310.pyc
running install_data
creating /uolstore/home/student_lnxhome01/fy21ftsa/ros2_ws/src/install/lab1/share/ament_index
creating /uolstore/home/student_lnxhome01/fy21ftsa/ros2_ws/src/install/lab1/share/ament_index/resource_index
creating /uolstore/home/student_lnxhome01/fy21ftsa/ros2_ws/src/install/lab1/share/ament_index/resource_index/packages
copying resource/lab1 -> /uolstore/home/student_lnxhome01/fy21ftsa/ros2_ws/src/install/lab1/share/ament_index/resource_index/packages
copying package.xml -> /uolstore/home/student_lnxhome01/fy21ftsa/ros2_ws/src/install/lab1/share/lab1
running install_egg_info
Copying ../build/lab1/lab1.egg-info to /uolstore/home/student_lnxhome01/fy21ftsa/ros2_ws/src/install/lab1/lib/python3.10/site-packages/lab1-0.0.0-py3.10.egg-info
running install_scripts
Installing hello script to /uolstore/home/student_lnxhome01/fy21ftsa/ros2_ws/src/install/lab1/lib/lab1
writing list of installed files to '/uolstore/home/student_lnxhome01/fy21ftsa/ros2_ws/src/build/lab1/install.log'
