[1.551s] Invoking command in '/uolstore/home/student_lnxhome01/fy21ftsa/ros2_ws/src/lab1': PS1=[COMP3631] Singularity> \w $ PYTHONPATH=/uolstore/home/student_lnxhome01/fy21ftsa/ros2_ws/src/build/lab1/prefix_override:/uolstore/home/student_lnxhome01/fy21ftsa/ros2_ws/src/install/lab1/lib/python3.10/site-packages:${PYTHONPATH} /usr/bin/python3 setup.py egg_info --egg-base ../build/lab1 build --build-base /uolstore/home/student_lnxhome01/fy21ftsa/ros2_ws/src/build/lab1/build install --record /uolstore/home/student_lnxhome01/fy21ftsa/ros2_ws/src/build/lab1/install.log --single-version-externally-managed
[1.761s] running egg_info
[1.761s] creating ../build/lab1/lab1.egg-info
[1.763s] writing ../build/lab1/lab1.egg-info/PKG-INFO
[1.769s] writing dependency_links to ../build/lab1/lab1.egg-info/dependency_links.txt
[1.773s] writing entry points to ../build/lab1/lab1.egg-info/entry_points.txt
[1.777s] writing requirements to ../build/lab1/lab1.egg-info/requires.txt
[1.779s] writing top-level names to ../build/lab1/lab1.egg-info/top_level.txt
[1.782s] writing manifest file '../build/lab1/lab1.egg-info/SOURCES.txt'
[1.791s] reading manifest file '../build/lab1/lab1.egg-info/SOURCES.txt'
[1.794s] writing manifest file '../build/lab1/lab1.egg-info/SOURCES.txt'
[1.796s] running build
[1.796s] running build_py
[1.797s] creating /uolstore/home/student_lnxhome01/fy21ftsa/ros2_ws/src/build/lab1/build
[1.798s] creating /uolstore/home/student_lnxhome01/fy21ftsa/ros2_ws/src/build/lab1/build/lib
[1.799s] creating /uolstore/home/student_lnxhome01/fy21ftsa/ros2_ws/src/build/lab1/build/lib/lab1
[1.802s] copying lab1/__init__.py -> /uolstore/home/student_lnxhome01/fy21ftsa/ros2_ws/src/build/lab1/build/lib/lab1
[1.806s] copying lab1/hello.py -> /uolstore/home/student_lnxhome01/fy21ftsa/ros2_ws/src/build/lab1/build/lib/lab1
[1.811s] running install
[1.811s] running install_lib
[1.815s] creating /uolstore/home/student_lnxhome01/fy21ftsa/ros2_ws/src/install/lab1/lib/python3.10/site-packages/lab1
[1.817s] copying /uolstore/home/student_lnxhome01/fy21ftsa/ros2_ws/src/build/lab1/build/lib/lab1/__init__.py -> /uolstore/home/student_lnxhome01/fy21ftsa/ros2_ws/src/install/lab1/lib/python3.10/site-packages/lab1
[1.821s] copying /uolstore/home/student_lnxhome01/fy21ftsa/ros2_ws/src/build/lab1/build/lib/lab1/hello.py -> /uolstore/home/student_lnxhome01/fy21ftsa/ros2_ws/src/install/lab1/lib/python3.10/site-packages/lab1
[1.828s] byte-compiling /uolstore/home/student_lnxhome01/fy21ftsa/ros2_ws/src/install/lab1/lib/python3.10/site-packages/lab1/__init__.py to __init__.cpython-310.pyc
[1.835s] byte-compiling /uolstore/home/student_lnxhome01/fy21ftsa/ros2_ws/src/install/lab1/lib/python3.10/site-packages/lab1/hello.py to hello.cpython-310.pyc
[1.841s] running install_data
[1.843s] creating /uolstore/home/student_lnxhome01/fy21ftsa/ros2_ws/src/install/lab1/share/ament_index
[1.844s] creating /uolstore/home/student_lnxhome01/fy21ftsa/ros2_ws/src/install/lab1/share/ament_index/resource_index
[1.845s] creating /uolstore/home/student_lnxhome01/fy21ftsa/ros2_ws/src/install/lab1/share/ament_index/resource_index/packages
[1.847s] copying resource/lab1 -> /uolstore/home/student_lnxhome01/fy21ftsa/ros2_ws/src/install/lab1/share/ament_index/resource_index/packages
[1.852s] copying package.xml -> /uolstore/home/student_lnxhome01/fy21ftsa/ros2_ws/src/install/lab1/share/lab1
[1.858s] running install_egg_info
[1.861s] Copying ../build/lab1/lab1.egg-info to /uolstore/home/student_lnxhome01/fy21ftsa/ros2_ws/src/install/lab1/lib/python3.10/site-packages/lab1-0.0.0-py3.10.egg-info
[1.949s] running install_scripts
[1.966s] Installing hello script to /uolstore/home/student_lnxhome01/fy21ftsa/ros2_ws/src/install/lab1/lib/lab1
[1.971s] writing list of installed files to '/uolstore/home/student_lnxhome01/fy21ftsa/ros2_ws/src/build/lab1/install.log'
[2.362s] Invoked command in '/uolstore/home/student_lnxhome01/fy21ftsa/ros2_ws/src/lab1' returned '0': PS1=[COMP3631] Singularity> \w $ PYTHONPATH=/uolstore/home/student_lnxhome01/fy21ftsa/ros2_ws/src/build/lab1/prefix_override:/uolstore/home/student_lnxhome01/fy21ftsa/ros2_ws/src/install/lab1/lib/python3.10/site-packages:${PYTHONPATH} /usr/bin/python3 setup.py egg_info --egg-base ../build/lab1 build --build-base /uolstore/home/student_lnxhome01/fy21ftsa/ros2_ws/src/build/lab1/build install --record /uolstore/home/student_lnxhome01/fy21ftsa/ros2_ws/src/build/lab1/install.log --single-version-externally-managed
