running egg_info
creating ../build/lab2/lab2.egg-info
writing ../build/lab2/lab2.egg-info/PKG-INFO
writing dependency_links to ../build/lab2/lab2.egg-info/dependency_links.txt
writing entry points to ../build/lab2/lab2.egg-info/entry_points.txt
writing requirements to ../build/lab2/lab2.egg-info/requires.txt
writing top-level names to ../build/lab2/lab2.egg-info/top_level.txt
writing manifest file '../build/lab2/lab2.egg-info/SOURCES.txt'
reading manifest file '../build/lab2/lab2.egg-info/SOURCES.txt'
writing manifest file '../build/lab2/lab2.egg-info/SOURCES.txt'
running build
running build_py
creating /uolstore/home/student_lnxhome01/fy21ftsa/ros2_ws/src/build/lab2/build
creating /uolstore/home/student_lnxhome01/fy21ftsa/ros2_ws/src/build/lab2/build/lib
creating /uolstore/home/student_lnxhome01/fy21ftsa/ros2_ws/src/build/lab2/build/lib/lab2
copying lab2/talker.py -> /uolstore/home/student_lnxhome01/fy21ftsa/ros2_ws/src/build/lab2/build/lib/lab2
copying lab2/listener.py -> /uolstore/home/student_lnxhome01/fy21ftsa/ros2_ws/src/build/lab2/build/lib/lab2
copying lab2/numeric_talker.py -> /uolstore/home/student_lnxhome01/fy21ftsa/ros2_ws/src/build/lab2/build/lib/lab2
copying lab2/numeric_listener.py -> /uolstore/home/student_lnxhome01/fy21ftsa/ros2_ws/src/build/lab2/build/lib/lab2
copying lab2/__init__.py -> /uolstore/home/student_lnxhome01/fy21ftsa/ros2_ws/src/build/lab2/build/lib/lab2
running install
running install_lib
creating /uolstore/home/student_lnxhome01/fy21ftsa/ros2_ws/src/install/lab2/lib/python3.10/site-packages/lab2
copying /uolstore/home/student_lnxhome01/fy21ftsa/ros2_ws/src/build/lab2/build/lib/lab2/talker.py -> /uolstore/home/student_lnxhome01/fy21ftsa/ros2_ws/src/install/lab2/lib/python3.10/site-packages/lab2
copying /uolstore/home/student_lnxhome01/fy21ftsa/ros2_ws/src/build/lab2/build/lib/lab2/listener.py -> /uolstore/home/student_lnxhome01/fy21ftsa/ros2_ws/src/install/lab2/lib/python3.10/site-packages/lab2
copying /uolstore/home/student_lnxhome01/fy21ftsa/ros2_ws/src/build/lab2/build/lib/lab2/numeric_talker.py -> /uolstore/home/student_lnxhome01/fy21ftsa/ros2_ws/src/install/lab2/lib/python3.10/site-packages/lab2
copying /uolstore/home/student_lnxhome01/fy21ftsa/ros2_ws/src/build/lab2/build/lib/lab2/numeric_listener.py -> /uolstore/home/student_lnxhome01/fy21ftsa/ros2_ws/src/install/lab2/lib/python3.10/site-packages/lab2
copying /uolstore/home/student_lnxhome01/fy21ftsa/ros2_ws/src/build/lab2/build/lib/lab2/__init__.py -> /uolstore/home/student_lnxhome01/fy21ftsa/ros2_ws/src/install/lab2/lib/python3.10/site-packages/lab2
byte-compiling /uolstore/home/student_lnxhome01/fy21ftsa/ros2_ws/src/install/lab2/lib/python3.10/site-packages/lab2/talker.py to talker.cpython-310.pyc
byte-compiling /uolstore/home/student_lnxhome01/fy21ftsa/ros2_ws/src/install/lab2/lib/python3.10/site-packages/lab2/listener.py to listener.cpython-310.pyc
byte-compiling /uolstore/home/student_lnxhome01/fy21ftsa/ros2_ws/src/install/lab2/lib/python3.10/site-packages/lab2/numeric_talker.py to numeric_talker.cpython-310.pyc
byte-compiling /uolstore/home/student_lnxhome01/fy21ftsa/ros2_ws/src/install/lab2/lib/python3.10/site-packages/lab2/numeric_listener.py to numeric_listener.cpython-310.pyc
byte-compiling /uolstore/home/student_lnxhome01/fy21ftsa/ros2_ws/src/install/lab2/lib/python3.10/site-packages/lab2/__init__.py to __init__.cpython-310.pyc
running install_data
creating /uolstore/home/student_lnxhome01/fy21ftsa/ros2_ws/src/install/lab2/share/ament_index
creating /uolstore/home/student_lnxhome01/fy21ftsa/ros2_ws/src/install/lab2/share/ament_index/resource_index
creating /uolstore/home/student_lnxhome01/fy21ftsa/ros2_ws/src/install/lab2/share/ament_index/resource_index/packages
copying resource/lab2 -> /uolstore/home/student_lnxhome01/fy21ftsa/ros2_ws/src/install/lab2/share/ament_index/resource_index/packages
copying package.xml -> /uolstore/home/student_lnxhome01/fy21ftsa/ros2_ws/src/install/lab2/share/lab2
creating /uolstore/home/student_lnxhome01/fy21ftsa/ros2_ws/src/install/lab2/share/lab2/launch
copying launch/chatter.py -> /uolstore/home/student_lnxhome01/fy21ftsa/ros2_ws/src/install/lab2/share/lab2/launch
copying launch/numeric_chatter.py -> /uolstore/home/student_lnxhome01/fy21ftsa/ros2_ws/src/install/lab2/share/lab2/launch
running install_egg_info
Copying ../build/lab2/lab2.egg-info to /uolstore/home/student_lnxhome01/fy21ftsa/ros2_ws/src/install/lab2/lib/python3.10/site-packages/lab2-0.0.0-py3.10.egg-info
running install_scripts
Installing listener script to /uolstore/home/student_lnxhome01/fy21ftsa/ros2_ws/src/install/lab2/lib/lab2
Installing numeric_listener script to /uolstore/home/student_lnxhome01/fy21ftsa/ros2_ws/src/install/lab2/lib/lab2
Installing numeric_talker script to /uolstore/home/student_lnxhome01/fy21ftsa/ros2_ws/src/install/lab2/lib/lab2
Installing talker script to /uolstore/home/student_lnxhome01/fy21ftsa/ros2_ws/src/install/lab2/lib/lab2
writing list of installed files to '/uolstore/home/student_lnxhome01/fy21ftsa/ros2_ws/src/build/lab2/install.log'
